#
# A fatal error has been detected by the Java Runtime Environment:
#
#  EXCEPTION_ACCESS_VIOLATION (0xc0000005) at pc=0x0000000076fa54ae, pid=3700, tid=5200
#
# JRE version: Java(TM) SE Runtime Environment (7.0_80-b05) (build 1.7.0_80-ea-b05)
# Java VM: Java HotSpot(TM) 64-Bit Server VM (24.80-b07 mixed mode windows-amd64 compressed oops)
# Problematic frame:
# C  [ntdll.dll+0x554ae]
#
# Failed to write core dump. Minidumps are not enabled by default on client versions of Windows
#
# If you would like to submit a bug report, please visit:
#   http://bugreport.java.com/bugreport/crash.jsp
#

---------------  T H R E A D  ---------------

Current thread (0x000000000c82a000):  JavaThread "AWT-EventQueue-0" [_thread_in_vm, id=5200, stack(0x0000000010d60000,0x0000000010e60000)]

siginfo: ExceptionCode=0xc0000005, reading address 0x00000304478ddc48

Registers:
RAX=0x0000003031313131, RBX=0x00000304478ddc40, RCX=0x000000ffffffffff, RDX=0x0000000014b72b50
RSP=0x0000000010e5cc30, RBP=0x000000000c82a000, RSI=0x0000000000400000, RDI=0x0000000014b72b60
R8 =0x000000030080002a, R9 =0x000000040077002b, R10=0x006f0064006e0069, R11=0x0000000000000000
R12=0x0000000010e5cd60, R13=0x00000000134b1d72, R14=0x0000000000000000, R15=0x0000000000449bb0
RIP=0x0000000076fa54ae, EFLAGS=0x0000000000010202

Top of Stack: (sp=0x0000000010e5cc30)
0x0000000010e5cc30:   0000000000000100 0000000000408710
0x0000000010e5cc40:   000000000c7053e1 0000000000408910
0x0000000010e5cc50:   0000000000449bb0 0000000000000000
0x0000000010e5cc60:   00000000134b1d72 0000000000000001
0x0000000010e5cc70:   0000000010e5cd60 0000000000449bb0
0x0000000010e5cc80:   0000000000000000 00000000134b1d72
0x0000000010e5cc90:   0000000010e5cd60 00000000c0000138
0x0000000010e5cca0:   0000000000000000 000000000c82a000
0x0000000010e5ccb0:   0000000010e5cd50 0000000076fa55c8
0x0000000010e5ccc0:   0000000000000000 0000000000000042
0x0000000010e5ccd0:   0000000000000000 00000000000000f8
0x0000000010e5cce0:   0000000076faaf30 0000000076f9a2e8
0x0000000010e5ccf0:   0000000076faaf30 000000000c82a000
0x0000000010e5cd00:   0000000000000000 00000000c0000138
0x0000000010e5cd10:   0000000000000000 000000000c75c8a0
0x0000000010e5cd20:   000000000c82a000 000000077ba6ad60 

Instructions: (pc=0x0000000076fa54ae)
0x0000000076fa548e:   ff ff 00 00 00 48 33 de 48 23 c1 48 c1 eb 04 48
0x0000000076fa549e:   33 d8 48 33 1d 21 cf 0d 00 48 c1 e3 04 0f 0d 0b
0x0000000076fa54ae:   4c 8b 63 08 49 bd 01 00 00 00 01 00 00 00 49 be
0x0000000076fa54be:   ff 7f 00 00 ff ff ff ff c6 42 0f 80 c6 42 0e 00 


Register to memory mapping:

RAX=0x0000003031313131 is an unknown value
RBX=0x00000304478ddc40 is an unknown value
RCX=0x000000ffffffffff is an unknown value
RDX=0x0000000014b72b50 is an unknown value
RSP=0x0000000010e5cc30 is pointing into the stack for thread: 0x000000000c82a000
RBP=0x000000000c82a000 is a thread
RSI=0x0000000000400000 is an unknown value
RDI=0x0000000014b72b60 is an unknown value
R8 =0x000000030080002a is an unknown value
R9 =0x000000040077002b is an unknown value
R10=0x006f0064006e0069 is an unknown value
R11=0x0000000000000000 is an unknown value
R12=0x0000000010e5cd60 is pointing into the stack for thread: 0x000000000c82a000
R13=0x00000000134b1d72 is an unknown value
R14=0x0000000000000000 is an unknown value
R15=0x0000000000449bb0 is an unknown value


Stack: [0x0000000010d60000,0x0000000010e60000],  sp=0x0000000010e5cc30,  free space=1011k
Native frames: (J=compiled Java code, j=interpreted, Vv=VM code, C=native code)
C  [ntdll.dll+0x554ae]

Java frames: (J=compiled Java code, j=interpreted, Vv=VM code)
j  sun.awt.windows.WComponentPeer.nativeHandlesWheelScrolling()Z+0
j  sun.awt.windows.WComponentPeer.handlesWheelScrolling()Z+1
j  java.awt.Component.dispatchEventImpl(Ljava/awt/AWTEvent;)V+222
j  java.awt.Container.dispatchEventImpl(Ljava/awt/AWTEvent;)V+42
j  java.awt.Window.dispatchEventImpl(Ljava/awt/AWTEvent;)V+19
j  java.awt.Component.dispatchEvent(Ljava/awt/AWTEvent;)V+2
j  java.awt.EventQueue.dispatchEventImpl(Ljava/awt/AWTEvent;Ljava/lang/Object;)V+41
j  java.awt.EventQueue.access$300(Ljava/awt/EventQueue;Ljava/awt/AWTEvent;Ljava/lang/Object;)V+3
j  java.awt.EventQueue$3.run()Ljava/lang/Void;+12
j  java.awt.EventQueue$3.run()Ljava/lang/Object;+1
v  ~StubRoutines::call_stub
j  java.security.AccessController.doPrivileged(Ljava/security/PrivilegedAction;Ljava/security/AccessControlContext;)Ljava/lang/Object;+0
j  java.security.ProtectionDomain$1.doIntersectionPrivilege(Ljava/security/PrivilegedAction;Ljava/security/AccessControlContext;Ljava/security/AccessControlContext;)Ljava/lang/Object;+28
j  java.security.ProtectionDomain$1.doIntersectionPrivilege(Ljava/security/PrivilegedAction;Ljava/security/AccessControlContext;)Ljava/lang/Object;+6
j  java.awt.EventQueue$4.run()Ljava/lang/Void;+11
j  java.awt.EventQueue$4.run()Ljava/lang/Object;+1
v  ~StubRoutines::call_stub
j  java.security.AccessController.doPrivileged(Ljava/security/PrivilegedAction;Ljava/security/AccessControlContext;)Ljava/lang/Object;+0
j  java.security.ProtectionDomain$1.doIntersectionPrivilege(Ljava/security/PrivilegedAction;Ljava/security/AccessControlContext;Ljava/security/AccessControlContext;)Ljava/lang/Object;+28
j  java.awt.EventQueue.dispatchEvent(Ljava/awt/AWTEvent;)V+73
j  java.awt.EventDispatchThread.pumpOneEventForFilters(I)V+245
j  java.awt.EventDispatchThread.pumpEventsForFilter(ILjava/awt/Conditional;Ljava/awt/EventFilter;)V+35
j  java.awt.EventDispatchThread.pumpEventsForHierarchy(ILjava/awt/Conditional;Ljava/awt/Component;)V+11
j  java.awt.EventDispatchThread.pumpEvents(ILjava/awt/Conditional;)V+4
j  java.awt.EventDispatchThread.pumpEvents(Ljava/awt/Conditional;)V+3
j  java.awt.EventDispatchThread.run()V+9
v  ~StubRoutines::call_stub

---------------  P R O C E S S  ---------------

Java Threads: ( => current thread )
  0x000000000c8f5800 JavaThread "TimerQueue" daemon [_thread_blocked, id=6124, stack(0x0000000016d80000,0x0000000016e80000)]
  0x000000000ca05800 JavaThread "Thread-2" [_thread_in_native, id=2008, stack(0x00000000138e0000,0x00000000139e0000)]
  0x000000000c923000 JavaThread "D3D Screen Updater" daemon [_thread_blocked, id=4676, stack(0x0000000010ee0000,0x0000000010fe0000)]
  0x0000000001cad800 JavaThread "DestroyJavaVM" [_thread_blocked, id=6920, stack(0x00000000023e0000,0x00000000024e0000)]
=>0x000000000c82a000 JavaThread "AWT-EventQueue-0" [_thread_in_vm, id=5200, stack(0x0000000010d60000,0x0000000010e60000)]
  0x000000000c7de800 JavaThread "AWT-Windows" daemon [_thread_in_native, id=7484, stack(0x000000000d310000,0x000000000d410000)]
  0x000000000c7dd800 JavaThread "AWT-Shutdown" [_thread_blocked, id=1372, stack(0x000000000d0b0000,0x000000000d1b0000)]
  0x000000000c7db000 JavaThread "Java2D Disposer" daemon [_thread_blocked, id=7284, stack(0x000000000cea0000,0x000000000cfa0000)]
  0x000000000a9b0000 JavaThread "Service Thread" daemon [_thread_blocked, id=6600, stack(0x000000000c230000,0x000000000c330000)]
  0x000000000a9af800 JavaThread "C2 CompilerThread1" daemon [_thread_blocked, id=6976, stack(0x000000000c3c0000,0x000000000c4c0000)]
  0x000000000a9aa800 JavaThread "C2 CompilerThread0" daemon [_thread_blocked, id=1384, stack(0x000000000be60000,0x000000000bf60000)]
  0x000000000a9a7000 JavaThread "Attach Listener" daemon [_thread_blocked, id=7176, stack(0x000000000c110000,0x000000000c210000)]
  0x000000000a9a2000 JavaThread "Signal Dispatcher" daemon [_thread_blocked, id=6720, stack(0x000000000bfd0000,0x000000000c0d0000)]
  0x000000000a949800 JavaThread "Finalizer" daemon [_thread_blocked, id=8064, stack(0x000000000b9d0000,0x000000000bad0000)]
  0x000000000a942800 JavaThread "Reference Handler" daemon [_thread_blocked, id=6596, stack(0x000000000bcf0000,0x000000000bdf0000)]

Other Threads:
  0x000000000a93f800 VMThread [stack: 0x000000000bb20000,0x000000000bc20000] [id=7976]
  0x000000000a9ba000 WatcherThread [stack: 0x000000000c5b0000,0x000000000c6b0000] [id=3428]

VM state:not at safepoint (normal execution)

VM Mutex/Monitor currently owned by a thread: None

Heap
 PSYoungGen      total 38400K, used 20863K [0x00000007d5880000, 0x00000007d8300000, 0x0000000800000000)
  eden space 33280K, 50% used [0x00000007d5880000,0x00000007d68f8e40,0x00000007d7900000)
  from space 5120K, 78% used [0x00000007d7900000,0x00000007d7ce7080,0x00000007d7e00000)
  to   space 5120K, 0% used [0x00000007d7e00000,0x00000007d7e00000,0x00000007d8300000)
 ParOldGen       total 86528K, used 16K [0x0000000780a00000, 0x0000000785e80000, 0x00000007d5880000)
  object space 86528K, 0% used [0x0000000780a00000,0x0000000780a04000,0x0000000785e80000)
 PSPermGen       total 21504K, used 10319K [0x000000077b800000, 0x000000077cd00000, 0x0000000780a00000)
  object space 21504K, 47% used [0x000000077b800000,0x000000077c213da0,0x000000077cd00000)

Card table byte_map: [0x00000000054e0000,0x0000000005910000] byte_map_base: 0x0000000001904000

Polling page: 0x0000000000120000

Code Cache  [0x00000000024e0000, 0x0000000002750000, 0x00000000054e0000)
 total_blobs=668 nmethods=44 adapters=576 free_code_cache=48439Kb largest_free_block=49579648

Compilation events (10 events):
Event: 4.962 Thread 0x000000000a9af800   40             java.util.IdentityHashMap$IdentityHashMapIterator::hasNext (50 bytes)
Event: 4.965 Thread 0x000000000a9af800 nmethod 40 0x000000000258fed0 code [0x0000000002590000, 0x0000000002590198]
Event: 5.014 Thread 0x000000000a9aa800   41             java.awt.Container::findComponentAtImpl (315 bytes)
Event: 5.033 Thread 0x000000000a9aa800 nmethod 41 0x0000000002595950 code [0x0000000002595b80, 0x0000000002596b08]
Event: 5.090 Thread 0x000000000a9af800   42             java.awt.Component::getParent_NoClientCode (5 bytes)
Event: 5.090 Thread 0x000000000a9af800 nmethod 42 0x000000000258fcd0 code [0x000000000258fe00, 0x000000000258fe78]
Event: 5.122 Thread 0x000000000a9aa800   43             java.lang.String::indexOf (166 bytes)
Event: 5.126 Thread 0x000000000a9aa800 nmethod 43 0x0000000002593390 code [0x00000000025934e0, 0x0000000002593998]
Event: 5.174 Thread 0x000000000a9af800   44             java.util.concurrent.locks.AbstractOwnableSynchronizer::setExclusiveOwnerThread (6 bytes)
Event: 5.174 Thread 0x000000000a9af800 nmethod 44 0x000000000258fad0 code [0x000000000258fc00, 0x000000000258fc78]

GC Heap History (6 events):
Event: 4.065 GC heap before
{Heap before GC invocations=1 (full 0):
 PSYoungGen      total 38400K, used 33091K [0x00000007d5880000, 0x00000007d8300000, 0x0000000800000000)
  eden space 33280K, 99% used [0x00000007d5880000,0x00000007d78d0eb8,0x00000007d7900000)
  from space 5120K, 0% used [0x00000007d7e00000,0x00000007d7e00000,0x00000007d8300000)
  to   space 5120K, 0% used [0x00000007d7900000,0x00000007d7900000,0x00000007d7e00000)
 ParOldGen       total 86528K, used 0K [0x0000000780a00000, 0x0000000785e80000, 0x00000007d5880000)
  object space 86528K, 0% used [0x0000000780a00000,0x0000000780a00000,0x0000000785e80000)
 PSPermGen       total 21504K, used 10212K [0x000000077b800000, 0x000000077cd00000, 0x0000000780a00000)
  object space 21504K, 47% used [0x000000077b800000,0x000000077c1f9258,0x000000077cd00000)
Event: 4.069 GC heap after
Heap after GC invocations=1 (full 0):
 PSYoungGen      total 38400K, used 4080K [0x00000007d5880000, 0x00000007d8300000, 0x0000000800000000)
  eden space 33280K, 0% used [0x00000007d5880000,0x00000007d5880000,0x00000007d7900000)
  from space 5120K, 79% used [0x00000007d7900000,0x00000007d7cfc218,0x00000007d7e00000)
  to   space 5120K, 0% used [0x00000007d7e00000,0x00000007d7e00000,0x00000007d8300000)
 ParOldGen       total 86528K, used 8K [0x0000000780a00000, 0x0000000785e80000, 0x00000007d5880000)
  object space 86528K, 0% used [0x0000000780a00000,0x0000000780a02000,0x0000000785e80000)
 PSPermGen       total 21504K, used 10212K [0x000000077b800000, 0x000000077cd00000, 0x0000000780a00000)
  object space 21504K, 47% used [0x000000077b800000,0x000000077c1f9258,0x000000077cd00000)
}
Event: 4.466 GC heap before
{Heap before GC invocations=2 (full 0):
 PSYoungGen      total 38400K, used 37360K [0x00000007d5880000, 0x00000007d8300000, 0x0000000800000000)
  eden space 33280K, 100% used [0x00000007d5880000,0x00000007d7900000,0x00000007d7900000)
  from space 5120K, 79% used [0x00000007d7900000,0x00000007d7cfc218,0x00000007d7e00000)
  to   space 5120K, 0% used [0x00000007d7e00000,0x00000007d7e00000,0x00000007d8300000)
 ParOldGen       total 86528K, used 8K [0x0000000780a00000, 0x0000000785e80000, 0x00000007d5880000)
  object space 86528K, 0% used [0x0000000780a00000,0x0000000780a02000,0x0000000785e80000)
 PSPermGen       total 21504K, used 10214K [0x000000077b800000, 0x000000077cd00000, 0x0000000780a00000)
  object space 21504K, 47% used [0x000000077b800000,0x000000077c1f9b80,0x000000077cd00000)
Event: 4.469 GC heap after
Heap after GC invocations=2 (full 0):
 PSYoungGen      total 38400K, used 3996K [0x00000007d5880000, 0x00000007d8300000, 0x0000000800000000)
  eden space 33280K, 0% used [0x00000007d5880000,0x00000007d5880000,0x00000007d7900000)
  from space 5120K, 78% used [0x00000007d7e00000,0x00000007d81e7080,0x00000007d8300000)
  to   space 5120K, 0% used [0x00000007d7900000,0x00000007d7900000,0x00000007d7e00000)
 ParOldGen       total 86528K, used 16K [0x0000000780a00000, 0x0000000785e80000, 0x00000007d5880000)
  object space 86528K, 0% used [0x0000000780a00000,0x0000000780a04000,0x0000000785e80000)
 PSPermGen       total 21504K, used 10214K [0x000000077b800000, 0x000000077cd00000, 0x0000000780a00000)
  object space 21504K, 47% used [0x000000077b800000,0x000000077c1f9b80,0x000000077cd00000)
}
Event: 4.901 GC heap before
{Heap before GC invocations=3 (full 0):
 PSYoungGen      total 38400K, used 37067K [0x00000007d5880000, 0x00000007d8300000, 0x0000000800000000)
  eden space 33280K, 99% used [0x00000007d5880000,0x00000007d78cbbb0,0x00000007d7900000)
  from space 5120K, 78% used [0x00000007d7e00000,0x00000007d81e7080,0x00000007d8300000)
  to   space 5120K, 0% used [0x00000007d7900000,0x00000007d7900000,0x00000007d7e00000)
 ParOldGen       total 86528K, used 16K [0x0000000780a00000, 0x0000000785e80000, 0x00000007d5880000)
  object space 86528K, 0% used [0x0000000780a00000,0x0000000780a04000,0x0000000785e80000)
 PSPermGen       total 21504K, used 10302K [0x000000077b800000, 0x000000077cd00000, 0x0000000780a00000)
  object space 21504K, 47% used [0x000000077b800000,0x000000077c20f808,0x000000077cd00000)
Event: 4.904 GC heap after
Heap after GC invocations=3 (full 0):
 PSYoungGen      total 38400K, used 3996K [0x00000007d5880000, 0x00000007d8300000, 0x0000000800000000)
  eden space 33280K, 0% used [0x00000007d5880000,0x00000007d5880000,0x00000007d7900000)
  from space 5120K, 78% used [0x00000007d7900000,0x00000007d7ce7080,0x00000007d7e00000)
  to   space 5120K, 0% used [0x00000007d7e00000,0x00000007d7e00000,0x00000007d8300000)
 ParOldGen       total 86528K, used 16K [0x0000000780a00000, 0x0000000785e80000, 0x00000007d5880000)
  object space 86528K, 0% used [0x0000000780a00000,0x0000000780a04000,0x0000000785e80000)
 PSPermGen       total 21504K, used 10302K [0x000000077b800000, 0x000000077cd00000, 0x0000000780a00000)
  object space 21504K, 47% used [0x000000077b800000,0x000000077c20f808,0x000000077cd00000)
}

Deoptimization events (3 events):
Event: 1.850 Thread 0x000000000c82a000 Uncommon trap: reason=unstable_if action=reinterpret pc=0x0000000002568e48 method=TestingFile.matToBufferedImage(Lorg/opencv/core/Mat;)Ljava/awt/image/BufferedImage; @ 116
Event: 1.915 Thread 0x000000000c82a000 Uncommon trap: reason=unstable_if action=reinterpret pc=0x0000000002573fbc method=sun.awt.image.ByteInterleavedRaster.putByteData(IIII[B)V @ 446
Event: 3.795 Thread 0x000000000ca05800 Uncommon trap: reason=unstable_if action=reinterpret pc=0x0000000002575e48 method=sun.awt.image.ByteInterleavedRaster.putByteData(IIII[B)V @ 79

Internal exceptions (10 events):
Event: 2.757 Thread 0x000000000c82a000 Threw 0x00000007d62f40a0 at C:\re\jdk7u80\2061.nc\hotspot\src\share\vm\prims\jvm.cpp:1319
Event: 2.758 Thread 0x000000000c82a000 Threw 0x00000007d62f63d0 at C:\re\jdk7u80\2061.nc\hotspot\src\share\vm\prims\jvm.cpp:1319
Event: 3.767 Thread 0x000000000ca05800 Threw 0x00000007d632c888 at C:\re\jdk7u80\2061.nc\hotspot\src\share\vm\prims\jvm.cpp:1319
Event: 3.771 Thread 0x000000000ca05800 Threw 0x00000007d6360928 at C:\re\jdk7u80\2061.nc\hotspot\src\share\vm\prims\jvm.cpp:1319
Event: 3.772 Thread 0x000000000ca05800 Threw 0x00000007d63653d8 at C:\re\jdk7u80\2061.nc\hotspot\src\share\vm\prims\jvm.cpp:1319
Event: 3.773 Thread 0x000000000ca05800 Threw 0x00000007d6369198 at C:\re\jdk7u80\2061.nc\hotspot\src\share\vm\prims\jvm.cpp:1319
Event: 3.775 Thread 0x000000000ca05800 Threw 0x00000007d636d0f0 at C:\re\jdk7u80\2061.nc\hotspot\src\share\vm\prims\jvm.cpp:1319
Event: 3.782 Thread 0x000000000ca05800 Threw 0x00000007d63723e8 at C:\re\jdk7u80\2061.nc\hotspot\src\share\vm\prims\jvm.cpp:1319
Event: 5.121 Thread 0x000000000c9e2000 Threw 0x00000007d59030f8 at C:\re\jdk7u80\2061.nc\hotspot\src\share\vm\prims\jvm.cpp:1319
Event: 5.122 Thread 0x000000000c9e2000 Threw 0x00000007d5905780 at C:\re\jdk7u80\2061.nc\hotspot\src\share\vm\prims\jni.cpp:743

Events (10 events):
Event: 4.906 Executing VM operation: BulkRevokeBias done
Event: 5.121 loading class 0x000000000c9e0e60
Event: 5.121 loading class 0x000000000c9e0e60 done
Event: 5.122 loading class 0x0000000002171680
Event: 5.122 loading class 0x00000000021718f0
Event: 5.122 loading class 0x00000000021718f0 done
Event: 5.122 loading class 0x0000000002171680 done
Event: 5.122 Thread 0x000000000c9e2000 Thread exited: 0x000000000c9e2000
Event: 5.306 loading class 0x000000000c790100
Event: 5.306 loading class 0x000000000c790100 done


Dynamic libraries:
0x000000013f930000 - 0x000000013f963000 	C:\Program Files\Java\jre7\bin\javaw.exe
0x0000000076f50000 - 0x00000000770f9000 	C:\Windows\SYSTEM32\ntdll.dll
0x0000000076e30000 - 0x0000000076f4f000 	C:\Windows\system32\kernel32.dll
0x000007fefced0000 - 0x000007fefcf3c000 	C:\Windows\system32\KERNELBASE.dll
0x000007fefe420000 - 0x000007fefe4fb000 	C:\Windows\system32\ADVAPI32.dll
0x000007fefee10000 - 0x000007fefeeaf000 	C:\Windows\system32\msvcrt.dll
0x000007fefe750000 - 0x000007fefe76f000 	C:\Windows\SYSTEM32\sechost.dll
0x000007fefdf30000 - 0x000007fefe05d000 	C:\Windows\system32\RPCRT4.dll
0x0000000076d30000 - 0x0000000076e2a000 	C:\Windows\system32\USER32.dll
0x000007fefec90000 - 0x000007fefecf7000 	C:\Windows\system32\GDI32.dll
0x000007fefe410000 - 0x000007fefe41e000 	C:\Windows\system32\LPK.dll
0x000007fefde60000 - 0x000007fefdf29000 	C:\Windows\system32\USP10.dll
0x000007fefb5d0000 - 0x000007fefb7c4000 	C:\Windows\WinSxS\amd64_microsoft.windows.common-controls_6595b64144ccf1df_6.0.7601.17514_none_fa396087175ac9ac\COMCTL32.dll
0x000007fefe060000 - 0x000007fefe0d1000 	C:\Windows\system32\SHLWAPI.dll
0x000007fefe200000 - 0x000007fefe22e000 	C:\Windows\system32\IMM32.DLL
0x000007fefed00000 - 0x000007fefee09000 	C:\Windows\system32\MSCTF.dll
0x0000000059ef0000 - 0x0000000059fc2000 	C:\Program Files\Java\jre7\bin\msvcr100.dll
0x0000000058250000 - 0x0000000058a28000 	C:\Program Files\Java\jre7\bin\server\jvm.dll
0x000007fed5340000 - 0x000007fed5349000 	C:\Windows\system32\WSOCK32.dll
0x000007fefe1b0000 - 0x000007fefe1fd000 	C:\Windows\system32\WS2_32.dll
0x000007fefe1a0000 - 0x000007fefe1a8000 	C:\Windows\system32\NSI.dll
0x000007fefa230000 - 0x000007fefa26b000 	C:\Windows\system32\WINMM.dll
0x0000000077120000 - 0x0000000077127000 	C:\Windows\system32\PSAPI.DLL
0x000000006b180000 - 0x000000006b18f000 	C:\Program Files\Java\jre7\bin\verify.dll
0x0000000069d90000 - 0x0000000069db8000 	C:\Program Files\Java\jre7\bin\java.dll
0x0000000068250000 - 0x0000000068266000 	C:\Program Files\Java\jre7\bin\zip.dll
0x000007fec49b0000 - 0x000007fec6235000 	C:\Users\mcatoen\Desktop\Eclipse\opencv\build\java\x64\opencv_java300.dll
0x000007fede9f0000 - 0x000007fedea19000 	C:\Windows\system32\MSVFW32.dll
0x000007fefd0d0000 - 0x000007fefde58000 	C:\Windows\system32\SHELL32.dll
0x000007fee07d0000 - 0x000007fee07ef000 	C:\Windows\system32\AVIFIL32.dll
0x000007fefe9a0000 - 0x000007fefeba3000 	C:\Windows\system32\ole32.dll
0x000007fef9c90000 - 0x000007fef9ca8000 	C:\Windows\system32\MSACM32.dll
0x000007fef99a0000 - 0x000007fef99b7000 	C:\Windows\system32\AVICAP32.dll
0x000007fefbda0000 - 0x000007fefbdac000 	C:\Windows\system32\VERSION.dll
0x000007fefeeb0000 - 0x000007fefef87000 	C:\Windows\system32\OLEAUT32.dll
0x000000005d810000 - 0x000000005d9a5000 	C:\Program Files\Java\jre7\bin\awt.dll
0x000007fefb010000 - 0x000007fefb028000 	C:\Windows\system32\DWMAPI.DLL
0x000007fefb570000 - 0x000007fefb5c6000 	C:\Windows\system32\uxtheme.dll
0x000007fefcbb0000 - 0x000007fefcbbf000 	C:\Windows\system32\CRYPTBASE.dll
0x000007fec9ab0000 - 0x000007fec9caf000 	C:\Windows\system32\d3d9.dll
0x000007fef9ac0000 - 0x000007fef9ac7000 	C:\Windows\system32\d3d8thk.dll
0x000007fec9190000 - 0x000007fec9aa2000 	C:\Windows\system32\nvd3dumx.dll
0x000007fefa650000 - 0x000007fefa67c000 	C:\Windows\system32\powrprof.dll
0x000007fefe230000 - 0x000007fefe407000 	C:\Windows\system32\SETUPAPI.dll
0x000007fefcf50000 - 0x000007fefcf86000 	C:\Windows\system32\CFGMGR32.dll
0x000007fefcd40000 - 0x000007fefcd5a000 	C:\Windows\system32\DEVOBJ.dll
0x000000005d7c0000 - 0x000000005d807000 	C:\Program Files\Java\jre7\bin\fontmanager.dll
0x0000000068230000 - 0x000000006824a000 	C:\Program Files\Java\jre7\bin\net.dll
0x000007fefc4f0000 - 0x000007fefc545000 	C:\Windows\system32\mswsock.dll
0x000007fefc4e0000 - 0x000007fefc4e7000 	C:\Windows\System32\wship6.dll
0x0000000068150000 - 0x0000000068161000 	C:\Program Files\Java\jre7\bin\nio.dll
0x000000005d770000 - 0x000000005d7b1000 	C:\Program Files\Java\jre7\bin\t2k.dll
0x000007fefe770000 - 0x000007fefe809000 	C:\Windows\system32\CLBCatQ.DLL
0x000007fedd270000 - 0x000007fedd286000 	C:\Windows\system32\devenum.dll
0x000007fefbac0000 - 0x000007fefbaed000 	C:\Windows\system32\ntmarta.dll
0x000007fefebb0000 - 0x000007fefec02000 	C:\Windows\system32\WLDAP32.dll
0x000007fefd090000 - 0x000007fefd0ca000 	C:\Windows\system32\WINTRUST.dll
0x000007fefcd60000 - 0x000007fefcecc000 	C:\Windows\system32\CRYPT32.dll
0x000007fefcd20000 - 0x000007fefcd2f000 	C:\Windows\system32\MSASN1.dll
0x000007fef9bd0000 - 0x000007fef9bdd000 	C:\Windows\system32\msdmo.dll
0x000007fedd240000 - 0x000007fedd26f000 	C:\Windows\system32\qcap.dll
0x000007fec8fd0000 - 0x000007fec9182000 	C:\Windows\system32\quartz.dll
0x000007fedd1f0000 - 0x000007fedd231000 	C:\Windows\system32\ksproxy.ax
0x0000000074840000 - 0x0000000074846000 	C:\Windows\system32\ksuser.dll
0x000007fef9a60000 - 0x000007fef9a6b000 	C:\Windows\system32\vidcap.ax
0x000007fedd1c0000 - 0x000007fedd1e4000 	C:\Windows\system32\kswdmcap.ax
0x000007fec8e70000 - 0x000007fec8fcc000 	C:\Windows\system32\MFC42.dll
0x000007feeff30000 - 0x000007feeffe1000 	C:\Windows\system32\ODBC32.dll
0x000000006c460000 - 0x000000006c498000 	C:\Windows\system32\odbcint.dll
0x000007fedd120000 - 0x000007fedd1bb000 	C:\Windows\System32\qedit.dll
0x000007fefe100000 - 0x000007fefe197000 	C:\Windows\system32\COMDLG32.dll
0x000007fefb350000 - 0x000007fefb566000 	C:\Windows\WinSxS\amd64_microsoft.windows.gdiplus_6595b64144ccf1df_1.1.7601.18120_none_2b25b14c71ebf230\gdiplus.dll
0x000007fee7550000 - 0x000007fee7641000 	C:\Windows\system32\DDRAW.dll
0x000007fef2d20000 - 0x000007fef2d28000 	C:\Windows\system32\DCIMAN32.dll
0x000007fefa100000 - 0x000007fefa225000 	C:\Windows\system32\dbghelp.dll

VM Arguments:
jvm_args: -Djava.library.path=C:\Users\mcatoen\Desktop\Eclipse\opencv\build\java\x64 -Dfile.encoding=Cp1252 
java_command: TestingFile
Launcher Type: SUN_STANDARD

Environment Variables:
PATH=C:\Program Files\Common Files\Microsoft Shared\Windows Live;C:\Program Files (x86)\Common Files\Microsoft Shared\Windows Live;C:\Program Files (x86)\NVIDIA Corporation\PhysX\Common;C:\Windows\system32;C:\Windows;C:\Windows\System32\Wbem;C:\Windows\System32\WindowsPowerShell\v1.0\;C:\Program Files\Microsoft SQL Server\110\Tools\Binn\;C:\Program Files (x86)\Windows Live\Shared;C:\Windows\System32\WindowsPowerShell\v1.0\;C:\Program Files (x86)\Windows Kits\8.1\Windows Performance Toolkit\;C:\Program Files (x86)\Microsoft SDKs\TypeScript\1.0\;C:\Program Files\Microsoft SQL Server\120\Tools\Binn\
USERNAME=mcatoen
OS=Windows_NT
PROCESSOR_IDENTIFIER=Intel64 Family 6 Model 42 Stepping 7, GenuineIntel



---------------  S Y S T E M  ---------------

OS: Windows 7 , 64 bit Build 7601 Service Pack 1

CPU:total 4 (4 cores per cpu, 1 threads per core) family 6 model 42 stepping 7, cmov, cx8, fxsr, mmx, sse, sse2, sse3, ssse3, sse4.1, sse4.2, popcnt, avx, aes, tsc, tscinvbit

Memory: 4k page, physical 8345956k(4289312k free), swap 16690048k(9617128k free)

vm_info: Java HotSpot(TM) 64-Bit Server VM (24.80-b07) for windows-amd64 JRE (1.7.0_80-ea-b05), built on Jan 20 2015 23:50:27 by "java_re" with unknown MS VC++:1600

time: Wed Jul 08 11:54:18 2015
elapsed time: 5 seconds

